Arguments: 
  /home/bogdan/.nvm/versions/node/v20.7.0/bin/node /home/bogdan/.nvm/versions/node/v20.7.0/bin/yarn install

PATH: 
  /home/bogdan/.nvm/versions/node/v20.7.0/bin:/home/bogdan/.local/bin:/usr/local/sbin:/usr/local/bin:/usr/sbin:/usr/bin:/sbin:/bin:/usr/games:/usr/local/games:/snap/bin:/snap/bin

Yarn version: 
  1.22.19

Node version: 
  20.7.0

Platform: 
  linux x64

Trace: 
  Error: https://npm.pkg.github.com/@panda-chess%2fpdc-core: unauthenticated: User cannot be authenticated with the token provided.
      at params.callback [as _callback] (/home/bogdan/.nvm/versions/node/v20.7.0/lib/node_modules/yarn/lib/cli.js:66145:18)
      at self.callback (/home/bogdan/.nvm/versions/node/v20.7.0/lib/node_modules/yarn/lib/cli.js:140890:22)
      at Request.emit (node:events:514:28)
      at Request.<anonymous> (/home/bogdan/.nvm/versions/node/v20.7.0/lib/node_modules/yarn/lib/cli.js:141862:10)
      at Request.emit (node:events:514:28)
      at IncomingMessage.<anonymous> (/home/bogdan/.nvm/versions/node/v20.7.0/lib/node_modules/yarn/lib/cli.js:141784:12)
      at Object.onceWrapper (node:events:628:28)
      at IncomingMessage.emit (node:events:526:35)
      at endReadableNT (node:internal/streams/readable:1376:12)
      at process.processTicksAndRejections (node:internal/process/task_queues:82:21)

npm manifest: 
  {
    "name": "@panda-chess/pdc-ai",
    "version": "v0.0.1",
    "description": "",
    "main": "dist/index.js",
    "publishConfig": {
      "@Panda-Chess:registry": "https://npm.pkg.github.com"
    },
    "repository": {
      "type": "git",
      "url": "https://github.com/Panda-Chess/PDC-AI"
    },
    "scripts": {
      "start": "nodemon 'src/index.ts'",
      "build": "tsc",
      "push": "yarn lint && git add . && git-cz && git pull && git push",
      "semantic-release": "semantic-release",
      "test": "jest --detectOpenHandles --passWithNoTests",
      "lint": "eslint ./src/ --ext .tsx --ext .ts --fix"
    },
    "author": "",
    "license": "ISC",
    "devDependencies": {
      "@babel/core": "^7.23.2",
      "@babel/preset-env": "^7.23.2",
      "@babel/preset-typescript": "^7.23.2",
      "@jest/globals": "^29.7.0",
      "@semantic-release/changelog": "^6.0.3",
      "@semantic-release/git": "^10.0.1",
      "@semantic-release/github": "^9.0.6",
      "@types/jest": "^29.5.7",
      "@types/node": "^20.6.4",
      "@typescript-eslint/eslint-plugin": "^6.8.0",
      "@typescript-eslint/parser": "^6.8.0",
      "babel-jest": "^29.7.0",
      "eslint": "^8.51.0",
      "git-cz": "^4.9.0",
      "jest": "^29.7.0",
      "nodemon": "^3.0.1",
      "semantic-release": "^22.0.4",
      "ts-jest": "^29.1.1",
      "ts-node": "^10.9.1",
      "typescript": "^5.2.2"
    },
    "dependencies": {
      "@panda-chess/pdc-core": "latest"
    }
  }

yarn manifest: 
  No manifest

Lockfile: 
  No lockfile
